Warning: No display specified.  You will not be able to display graphics on the screen.
Unable to open log file: /run_retrieval_latbins_AIRSm_01:1.log
Warning: No window system found.  Java option 'MWT' ignored

                            < M A T L A B (R) >
                  Copyright 1984-2010 The MathWorks, Inc.
                Version 7.12.0.635 (R2011a) 64-bit (glnxa64)
                               March 18, 2011

    ----------------------------------------------------------
        Your MATLAB license will expire in 60 days.
        Please contact your system administrator or
        MathWorks to renew this license.
    ----------------------------------------------------------
Not all CPUs are enabled.
Warning: No display specified.  You will not be able to display graphics on the screen.
Unable to open log file: /run_retrieval_latbins_AIRSm_02:1.log
Warning: No window system found.  Java option 'MWT' ignored

                            < M A T L A B (R) >
                  Copyright 1984-2010 The MathWorks, Inc.
                Version 7.12.0.635 (R2011a) 64-bit (glnxa64)
                               March 18, 2011

    ----------------------------------------------------------
        Your MATLAB license will expire in 60 days.
        Please contact your system administrator or
        MathWorks to renew this license.
    ----------------------------------------------------------
Not all CPUs are enabled.
Warning: No display specified.  You will not be able to display graphics on the screen.
Unable to open log file: /run_retrieval_latbins_AIRSm_03:1.log
Warning: No window system found.  Java option 'MWT' ignored

                            < M A T L A B (R) >
                  Copyright 1984-2010 The MathWorks, Inc.
                Version 7.12.0.635 (R2011a) 64-bit (glnxa64)
                               March 18, 2011

    ----------------------------------------------------------
        Your MATLAB license will expire in 60 days.
        Please contact your system administrator or
        MathWorks to renew this license.
    ----------------------------------------------------------
Not all CPUs are enabled.
Warning: No display specified.  You will not be able to display graphics on the screen.
Unable to open log file: /run_retrieval_latbins_AIRSm_05:1.log
Warning: No window system found.  Java option 'MWT' ignored

                            < M A T L A B (R) >
                  Copyright 1984-2010 The MathWorks, Inc.
                Version 7.12.0.635 (R2011a) 64-bit (glnxa64)
                               March 18, 2011

    ----------------------------------------------------------
        Your MATLAB license will expire in 60 days.
        Please contact your system administrator or
        MathWorks to renew this license.
    ----------------------------------------------------------
Not all CPUs are enabled.
Warning: No display specified.  You will not be able to display graphics on the screen.
Unable to open log file: /run_retrieval_latbins_AIRSm_04:1.log
Warning: No window system found.  Java option 'MWT' ignored

                            < M A T L A B (R) >
                  Copyright 1984-2010 The MathWorks, Inc.
                Version 7.12.0.635 (R2011a) 64-bit (glnxa64)
                               March 18, 2011

    ----------------------------------------------------------
        Your MATLAB license will expire in 60 days.
        Please contact your system administrator or
        MathWorks to renew this license.
    ----------------------------------------------------------
Not all CPUs are enabled.
Warning: No display specified.  You will not be able to display graphics on the screen.
Unable to open log file: /run_retrieval_latbins_AIRSm_06:1.log
Warning: No window system found.  Java option 'MWT' ignored

                            < M A T L A B (R) >
                  Copyright 1984-2010 The MathWorks, Inc.
                Version 7.12.0.635 (R2011a) 64-bit (glnxa64)
                               March 18, 2011

    ----------------------------------------------------------
        Your MATLAB license will expire in 60 days.
        Please contact your system administrator or
        MathWorks to renew this license.
    ----------------------------------------------------------
Not all CPUs are enabled.
Warning: No display specified.  You will not be able to display graphics on the screen.
Unable to open log file: /run_retrieval_latbins_AIRSm_07:1.log
Warning: No window system found.  Java option 'MWT' ignored

                            < M A T L A B (R) >
                  Copyright 1984-2010 The MathWorks, Inc.
                Version 7.12.0.635 (R2011a) 64-bit (glnxa64)
                               March 18, 2011

    ----------------------------------------------------------
        Your MATLAB license will expire in 60 days.
        Please contact your system administrator or
        MathWorks to renew this license.
    ----------------------------------------------------------
Not all CPUs are enabled.
 
  To get started, type one of these: helpwin, helpdesk, or demo.
  For product information, visit www.mathworks.com.
 
Warning: No display specified.  You will not be able to display graphics on the screen.
Unable to open log file: /run_retrieval_latbins_AIRSm_08:1.log
Warning: No window system found.  Java option 'MWT' ignored

                            < M A T L A B (R) >
                  Copyright 1984-2010 The MathWorks, Inc.
                Version 7.12.0.635 (R2011a) 64-bit (glnxa64)
                               March 18, 2011

    ----------------------------------------------------------
        Your MATLAB license will expire in 60 days.
        Please contact your system administrator or
        MathWorks to renew this license.
    ----------------------------------------------------------
Not all CPUs are enabled.
 
  To get started, type one of these: helpwin, helpdesk, or demo.
  For product information, visit www.mathworks.com.
 
 
  To get started, type one of these: helpwin, helpdesk, or demo.
  For product information, visit www.mathworks.com.
 
asl matlab startup in ~sergio/Matlab
 
  To get started, type one of these: helpwin, helpdesk, or demo.
  For product information, visit www.mathworks.com.
 
asl matlab startup in ~sergio/Matlab
asl matlab startup in ~sergio/Matlab
 
  To get started, type one of these: helpwin, helpdesk, or demo.
  For product information, visit www.mathworks.com.
 
 
  To get started, type one of these: helpwin, helpdesk, or demo.
  For product information, visit www.mathworks.com.
 
AIRS_MATFILES/overocean_gsx_1day_clr_era_lays_spanday01_avgL1Brates_robust_Nov02_2012_span_09_2002_08_2012.mat 
asl matlab startup in ~sergio/Matlab
AIRS_MATFILES/overocean_gsx_1day_clr_era_lays_spanday01_avgL1Brates_robust_Nov02_2012_span_09_2002_08_2012.mat 
 
  To get started, type one of these: helpwin, helpdesk, or demo.
  For product information, visit www.mathworks.com.
 
asl matlab startup in ~sergio/Matlab
asl matlab startup in ~sergio/Matlab
AIRS_MATFILES/overocean_gsx_1day_clr_era_lays_spanday01_avgL1Brates_robust_Nov02_2012_span_09_2002_08_2012.mat 
 
  To get started, type one of these: helpwin, helpdesk, or demo.
  For product information, visit www.mathworks.com.
 
AIRS_MATFILES/overocean_gsx_1day_clr_era_lays_spanday01_avgL1Brates_robust_Nov02_2012_span_09_2002_08_2012.mat 
asl matlab startup in ~sergio/Matlab
AIRS_MATFILES/overocean_gsx_1day_clr_era_lays_spanday01_avgL1Brates_robust_Nov02_2012_span_09_2002_08_2012.mat 
AIRS_MATFILES/overocean_gsx_1day_clr_era_lays_spanday01_avgL1Brates_robust_Nov02_2012_span_09_2002_08_2012.mat 
asl matlab startup in ~sergio/Matlab
AIRS_MATFILES/overocean_gsx_1day_clr_era_lays_spanday01_avgL1Brates_robust_Nov02_2012_span_09_2002_08_2012.mat 
resetting some bad input (max)
resetting some bad input (min)
AIRS_MATFILES/overocean_gsx_1day_clr_era_lays_spanday01_avgL1Brates_robust_Nov02_2012_span_09_2002_08_2012.mat 
resetting some bad input (max)
resetting some bad input (min)
resetting some bad input (max)
resetting some bad input (min)
resetting some bad input (max)
resetting some bad input (min)
resetting some bad input (max)
resetting some bad input (min)
resetting some bad input (max)
resetting some bad input (min)
resetting some bad input (max)
resetting some bad input (min)
resetting some bad input (max)
resetting some bad input (min)
quick lls co2 estimate = 2.143262 ppmv/yr 
quick stemp estimate = -0.070544 K/yr 
quick lls co2 estimate = 1.824370 ppmv/yr 
quick stemp estimate = -0.042883 K/yr 
subbing goodchannel list "g" with Larrabees latest list
subbing goodchannel list "g" with Larrabees latest list
quick lls co2 estimate = 2.148967 ppmv/yr 
quick stemp estimate = -0.022933 K/yr 
quick lls co2 estimate = 2.202473 ppmv/yr 
quick lls co2 estimate = 1.775051 ppmv/yr 
quick stemp estimate = -0.008146 K/yr 
quick stemp estimate = -0.004854 K/yr 
subbing goodchannel list "g" with Larrabees latest list
subbing goodchannel list "g" with Larrabees latest list
subbing goodchannel list "g" with Larrabees latest list
quick lls co2 estimate = 1.770187 ppmv/yr 
quick stemp estimate = -0.004203 K/yr 
quick lls co2 estimate = 1.862154 ppmv/yr 
quick stemp estimate = -0.004030 K/yr 
subbing goodchannel list "g" with Larrabees latest list
subbing goodchannel list "g" with Larrabees latest list
quick lls co2 estimate = 1.875296 ppmv/yr 
quick stemp estimate = -0.015276 K/yr 
subbing goodchannel list "g" with Larrabees latest list
quick oem co2 estimate = 1.945619 ppmv/yr 
quick oem sst estimate = -0.066380 K/yr 
quick oem co2 estimate = 1.694021 ppmv/yr 
quick oem sst estimate = -0.040361 K/yr 
quick oem co2 estimate = 1.723236 ppmv/yr 
quick oem sst estimate = -0.017626 K/yr 
subbing goodchannel list "g" with Larrabees latest list
quick oem co2 estimate = 1.822076 ppmv/yr 
quick oem sst estimate = 0.001084 K/yr 
quick oem co2 estimate = 1.799967 ppmv/yr 
quick oem sst estimate = -0.001625 K/yr 
subbing goodchannel list "g" with Larrabees latest list
quick oem co2 estimate = 1.913047 ppmv/yr 
quick oem sst estimate = -0.003483 K/yr 
subbing goodchannel list "g" with Larrabees latest list
subbing goodchannel list "g" with Larrabees latest list
subbing goodchannel list "g" with Larrabees latest list
subbing goodchannel list "g" with Larrabees latest list
quick oem co2 estimate = 1.845710 ppmv/yr 
quick oem sst estimate = -0.001911 K/yr 
quick oem co2 estimate = 1.863596 ppmv/yr 
quick oem sst estimate = -0.009036 K/yr 
subbing goodchannel list "g" with Larrabees latest list
subbing goodchannel list "g" with Larrabees latest list
Warning: No display specified.  You will not be able to display graphics on the screen.
Unable to open log file: /run_retrieval_latbins_AIRSm_10:1.log
Warning: No window system found.  Java option 'MWT' ignored

                            < M A T L A B (R) >
                  Copyright 1984-2010 The MathWorks, Inc.
                Version 7.12.0.635 (R2011a) 64-bit (glnxa64)
                               March 18, 2011

    ----------------------------------------------------------
        Your MATLAB license will expire in 60 days.
        Please contact your system administrator or
        MathWorks to renew this license.
    ----------------------------------------------------------
Not all CPUs are enabled.
Warning: No display specified.  You will not be able to display graphics on the screen.
Unable to open log file: /run_retrieval_latbins_AIRSm_09:1.log
Warning: No window system found.  Java option 'MWT' ignored

                            < M A T L A B (R) >
                  Copyright 1984-2010 The MathWorks, Inc.
                Version 7.12.0.635 (R2011a) 64-bit (glnxa64)
                               March 18, 2011

    ----------------------------------------------------------
        Your MATLAB license will expire in 60 days.
        Please contact your system administrator or
        MathWorks to renew this license.
    ----------------------------------------------------------
Not all CPUs are enabled.
Warning: No display specified.  You will not be able to display graphics on the screen.
Unable to open log file: /run_retrieval_latbins_AIRSm_11:1.log
Warning: No window system found.  Java option 'MWT' ignored

                            < M A T L A B (R) >
                  Copyright 1984-2010 The MathWorks, Inc.
                Version 7.12.0.635 (R2011a) 64-bit (glnxa64)
                               March 18, 2011

    ----------------------------------------------------------
        Your MATLAB license will expire in 60 days.
        Please contact your system administrator or
        MathWorks to renew this license.
    ----------------------------------------------------------
Not all CPUs are enabled.
Warning: No display specified.  You will not be able to display graphics on the screen.
Unable to open log file: /run_retrieval_latbins_AIRSm_16:1.log
Warning: No window system found.  Java option 'MWT' ignored

                            < M A T L A B (R) >
                  Copyright 1984-2010 The MathWorks, Inc.
                Version 7.12.0.635 (R2011a) 64-bit (glnxa64)
                               March 18, 2011

    ----------------------------------------------------------
        Your MATLAB license will expire in 60 days.
        Please contact your system administrator or
        MathWorks to renew this license.
    ----------------------------------------------------------
Not all CPUs are enabled.
 
  To get started, type one of these: helpwin, helpdesk, or demo.
  For product information, visit www.mathworks.com.
 
 
  To get started, type one of these: helpwin, helpdesk, or demo.
  For product information, visit www.mathworks.com.
 
 
  To get started, type one of these: helpwin, helpdesk, or demo.
  For product information, visit www.mathworks.com.
 
Warning: No display specified.  You will not be able to display graphics on the screen.
Unable to open log file: /run_retrieval_latbins_AIRSm_15:1.log
Warning: No window system found.  Java option 'MWT' ignored

                            < M A T L A B (R) >
                  Copyright 1984-2010 The MathWorks, Inc.
                Version 7.12.0.635 (R2011a) 64-bit (glnxa64)
                               March 18, 2011

    ----------------------------------------------------------
        Your MATLAB license will expire in 60 days.
        Please contact your system administrator or
        MathWorks to renew this license.
    ----------------------------------------------------------
Not all CPUs are enabled.
asl matlab startup in ~sergio/Matlab
asl matlab startup in ~sergio/Matlab
asl matlab startup in ~sergio/Matlab
AIRS_MATFILES/overocean_gsx_1day_clr_era_lays_spanday01_avgL1Brates_robust_Nov02_2012_span_09_2002_08_2012.mat 
AIRS_MATFILES/overocean_gsx_1day_clr_era_lays_spanday01_avgL1Brates_robust_Nov02_2012_span_09_2002_08_2012.mat 
 
  To get started, type one of these: helpwin, helpdesk, or demo.
  For product information, visit www.mathworks.com.
 
AIRS_MATFILES/overocean_gsx_1day_clr_era_lays_spanday01_avgL1Brates_robust_Nov02_2012_span_09_2002_08_2012.mat 
Warning: No display specified.  You will not be able to display graphics on the screen.
Unable to open log file: /run_retrieval_latbins_AIRSm_12:1.log
Warning: No window system found.  Java option 'MWT' ignored

                            < M A T L A B (R) >
                  Copyright 1984-2010 The MathWorks, Inc.
                Version 7.12.0.635 (R2011a) 64-bit (glnxa64)
                               March 18, 2011

    ----------------------------------------------------------
        Your MATLAB license will expire in 60 days.
        Please contact your system administrator or
        MathWorks to renew this license.
    ----------------------------------------------------------
Not all CPUs are enabled.
 
  To get started, type one of these: helpwin, helpdesk, or demo.
  For product information, visit www.mathworks.com.
 
asl matlab startup in ~sergio/Matlab
asl matlab startup in ~sergio/Matlab
resetting some bad input (max)
resetting some bad input (min)
AIRS_MATFILES/overocean_gsx_1day_clr_era_lays_spanday01_avgL1Brates_robust_Nov02_2012_span_09_2002_08_2012.mat 
AIRS_MATFILES/overocean_gsx_1day_clr_era_lays_spanday01_avgL1Brates_robust_Nov02_2012_span_09_2002_08_2012.mat 
resetting some bad input (max)
resetting some bad input (min)
resetting some bad input (max)
resetting some bad input (min)
resetting some bad input (max)
resetting some bad input (min)
resetting some bad input (max)
resetting some bad input (min)
Warning: No display specified.  You will not be able to display graphics on the screen.
Unable to open log file: /run_retrieval_latbins_AIRSm_14:1.log
Warning: No window system found.  Java option 'MWT' ignored

                            < M A T L A B (R) >
                  Copyright 1984-2010 The MathWorks, Inc.
                Version 7.12.0.635 (R2011a) 64-bit (glnxa64)
                               March 18, 2011

    ----------------------------------------------------------
        Your MATLAB license will expire in 60 days.
        Please contact your system administrator or
        MathWorks to renew this license.
    ----------------------------------------------------------
Not all CPUs are enabled.
Warning: No display specified.  You will not be able to display graphics on the screen.
Unable to open log file: /run_retrieval_latbins_AIRSm_13:1.log
Warning: No window system found.  Java option 'MWT' ignored

                            < M A T L A B (R) >
                  Copyright 1984-2010 The MathWorks, Inc.
                Version 7.12.0.635 (R2011a) 64-bit (glnxa64)
                               March 18, 2011

    ----------------------------------------------------------
        Your MATLAB license will expire in 60 days.
        Please contact your system administrator or
        MathWorks to renew this license.
    ----------------------------------------------------------
Not all CPUs are enabled.
 
  To get started, type one of these: helpwin, helpdesk, or demo.
  For product information, visit www.mathworks.com.
 
asl matlab startup in ~sergio/Matlab
 
  To get started, type one of these: helpwin, helpdesk, or demo.
  For product information, visit www.mathworks.com.
 
quick lls co2 estimate = 1.651329 ppmv/yr 
quick stemp estimate = 0.006282 K/yr 
asl matlab startup in ~sergio/Matlab
subbing goodchannel list "g" with Larrabees latest list
 
  To get started, type one of these: helpwin, helpdesk, or demo.
  For product information, visit www.mathworks.com.
 
AIRS_MATFILES/overocean_gsx_1day_clr_era_lays_spanday01_avgL1Brates_robust_Nov02_2012_span_09_2002_08_2012.mat 
quick lls co2 estimate = 1.512704 ppmv/yr 
quick stemp estimate = 0.005044 K/yr 
AIRS_MATFILES/overocean_gsx_1day_clr_era_lays_spanday01_avgL1Brates_robust_Nov02_2012_span_09_2002_08_2012.mat 
asl matlab startup in ~sergio/Matlab
quick lls co2 estimate = 1.700229 ppmv/yr 
quick stemp estimate = 0.000618 K/yr 
subbing goodchannel list "g" with Larrabees latest list
quick lls co2 estimate = 1.403339 ppmv/yr 
quick stemp estimate = -0.041387 K/yr 
subbing goodchannel list "g" with Larrabees latest list
AIRS_MATFILES/overocean_gsx_1day_clr_era_lays_spanday01_avgL1Brates_robust_Nov02_2012_span_09_2002_08_2012.mat 
subbing goodchannel list "g" with Larrabees latest list
resetting some bad input (max)
resetting some bad input (min)
quick lls co2 estimate = 1.337769 ppmv/yr 
quick stemp estimate = -0.027290 K/yr 
subbing goodchannel list "g" with Larrabees latest list
resetting some bad input (max)
resetting some bad input (min)
resetting some bad input (max)
resetting some bad input (min)
quick oem co2 estimate = 2.050049 ppmv/yr 
quick oem sst estimate = 0.009838 K/yr 
subbing goodchannel list "g" with Larrabees latest list
quick oem co2 estimate = 1.873158 ppmv/yr 
quick oem sst estimate = 0.007031 K/yr 
quick oem co2 estimate = 1.917103 ppmv/yr 
quick oem sst estimate = 0.004700 K/yr 
quick oem co2 estimate = 2.158574 ppmv/yr 
quick oem sst estimate = -0.048952 K/yr 
quick lls co2 estimate = 1.537995 ppmv/yr 
quick stemp estimate = -0.007750 K/yr 
subbing goodchannel list "g" with Larrabees latest list
quick oem co2 estimate = 1.952900 ppmv/yr 
quick oem sst estimate = -0.033879 K/yr 
subbing goodchannel list "g" with Larrabees latest list
quick lls co2 estimate = 1.403724 ppmv/yr 
quick stemp estimate = -0.022528 K/yr 
subbing goodchannel list "g" with Larrabees latest list
subbing goodchannel list "g" with Larrabees latest list
subbing goodchannel list "g" with Larrabees latest list
quick lls co2 estimate = 1.524556 ppmv/yr 
quick stemp estimate = -0.017496 K/yr 
subbing goodchannel list "g" with Larrabees latest list
subbing goodchannel list "g" with Larrabees latest list
Warning: No display specified.  You will not be able to display graphics on the screen.
Unable to open log file: /run_retrieval_latbins_AIRSm_19:1.log
Warning: No window system found.  Java option 'MWT' ignored

                            < M A T L A B (R) >
                  Copyright 1984-2010 The MathWorks, Inc.
                Version 7.12.0.635 (R2011a) 64-bit (glnxa64)
                               March 18, 2011

    ----------------------------------------------------------
        Your MATLAB license will expire in 60 days.
        Please contact your system administrator or
        MathWorks to renew this license.
    ----------------------------------------------------------
Not all CPUs are enabled.
Warning: No display specified.  You will not be able to display graphics on the screen.
Unable to open log file: /run_retrieval_latbins_AIRSm_17:1.log
Warning: No window system found.  Java option 'MWT' ignored

                            < M A T L A B (R) >
                  Copyright 1984-2010 The MathWorks, Inc.
                Version 7.12.0.635 (R2011a) 64-bit (glnxa64)
                               March 18, 2011

    ----------------------------------------------------------
        Your MATLAB license will expire in 60 days.
        Please contact your system administrator or
        MathWorks to renew this license.
    ----------------------------------------------------------
Not all CPUs are enabled.
Warning: No display specified.  You will not be able to display graphics on the screen.
Unable to open log file: /run_retrieval_latbins_AIRSm_24:1.log
Warning: No window system found.  Java option 'MWT' ignored

                            < M A T L A B (R) >
                  Copyright 1984-2010 The MathWorks, Inc.
                Version 7.12.0.635 (R2011a) 64-bit (glnxa64)
                               March 18, 2011

    ----------------------------------------------------------
        Your MATLAB license will expire in 60 days.
        Please contact your system administrator or
        MathWorks to renew this license.
    ----------------------------------------------------------
Not all CPUs are enabled.
Warning: No display specified.  You will not be able to display graphics on the screen.
Unable to open log file: /run_retrieval_latbins_AIRSm_18:1.log
Warning: No window system found.  Java option 'MWT' ignored

                            < M A T L A B (R) >
                  Copyright 1984-2010 The MathWorks, Inc.
                Version 7.12.0.635 (R2011a) 64-bit (glnxa64)
                               March 18, 2011

    ----------------------------------------------------------
        Your MATLAB license will expire in 60 days.
        Please contact your system administrator or
        MathWorks to renew this license.
    ----------------------------------------------------------
Not all CPUs are enabled.
 
  To get started, type one of these: helpwin, helpdesk, or demo.
  For product information, visit www.mathworks.com.
 
 
  To get started, type one of these: helpwin, helpdesk, or demo.
  For product information, visit www.mathworks.com.
 
 
  To get started, type one of these: helpwin, helpdesk, or demo.
  For product information, visit www.mathworks.com.
 
 
  To get started, type one of these: helpwin, helpdesk, or demo.
  For product information, visit www.mathworks.com.
 
asl matlab startup in ~sergio/Matlab
asl matlab startup in ~sergio/Matlab
asl matlab startup in ~sergio/Matlab
asl matlab startup in ~sergio/Matlab
AIRS_MATFILES/overocean_gsx_1day_clr_era_lays_spanday01_avgL1Brates_robust_Nov02_2012_span_09_2002_08_2012.mat 
AIRS_MATFILES/overocean_gsx_1day_clr_era_lays_spanday01_avgL1Brates_robust_Nov02_2012_span_09_2002_08_2012.mat 
quick oem co2 estimate = 1.933861 ppmv/yr 
quick oem sst estimate = -0.004391 K/yr 
AIRS_MATFILES/overocean_gsx_1day_clr_era_lays_spanday01_avgL1Brates_robust_Nov02_2012_span_09_2002_08_2012.mat 
AIRS_MATFILES/overocean_gsx_1day_clr_era_lays_spanday01_avgL1Brates_robust_Nov02_2012_span_09_2002_08_2012.mat 
quick oem co2 estimate = 1.897970 ppmv/yr 
quick oem sst estimate = -0.028522 K/yr 
quick oem co2 estimate = 1.939897 ppmv/yr 
quick oem sst estimate = -0.017191 K/yr 
subbing goodchannel list "g" with Larrabees latest list
resetting some bad input (max)
resetting some bad input (min)
resetting some bad input (max)
resetting some bad input (min)
resetting some bad input (max)
resetting some bad input (min)
subbing goodchannel list "g" with Larrabees latest list
subbing goodchannel list "g" with Larrabees latest list
resetting some bad input (max)
resetting some bad input (min)
Warning: No display specified.  You will not be able to display graphics on the screen.
Unable to open log file: /run_retrieval_latbins_AIRSm_23:1.log
Warning: No window system found.  Java option 'MWT' ignored

                            < M A T L A B (R) >
                  Copyright 1984-2010 The MathWorks, Inc.
                Version 7.12.0.635 (R2011a) 64-bit (glnxa64)
                               March 18, 2011

    ----------------------------------------------------------
        Your MATLAB license will expire in 60 days.
        Please contact your system administrator or
        MathWorks to renew this license.
    ----------------------------------------------------------
Not all CPUs are enabled.
 
  To get started, type one of these: helpwin, helpdesk, or demo.
  For product information, visit www.mathworks.com.
 
Warning: No display specified.  You will not be able to display graphics on the screen.
Unable to open log file: /run_retrieval_latbins_AIRSm_21:1.log
Warning: No window system found.  Java option 'MWT' ignored

                            < M A T L A B (R) >
                  Copyright 1984-2010 The MathWorks, Inc.
                Version 7.12.0.635 (R2011a) 64-bit (glnxa64)
                               March 18, 2011

    ----------------------------------------------------------
        Your MATLAB license will expire in 60 days.
        Please contact your system administrator or
        MathWorks to renew this license.
    ----------------------------------------------------------
Not all CPUs are enabled.
quick lls co2 estimate = 1.427385 ppmv/yr 
quick stemp estimate = -0.043576 K/yr 
asl matlab startup in ~sergio/Matlab
quick lls co2 estimate = 1.447009 ppmv/yr 
quick stemp estimate = -0.029111 K/yr 
quick lls co2 estimate = 1.342117 ppmv/yr 
quick stemp estimate = -0.014165 K/yr 
quick lls co2 estimate = 1.291037 ppmv/yr 
quick stemp estimate = -0.044533 K/yr 
Warning: No display specified.  You will not be able to display graphics on the screen.
Unable to open log file: /run_retrieval_latbins_AIRSm_22:1.log
Warning: No window system found.  Java option 'MWT' ignored

                            < M A T L A B (R) >
                  Copyright 1984-2010 The MathWorks, Inc.
                Version 7.12.0.635 (R2011a) 64-bit (glnxa64)
                               March 18, 2011

    ----------------------------------------------------------
        Your MATLAB license will expire in 60 days.
        Please contact your system administrator or
        MathWorks to renew this license.
    ----------------------------------------------------------
Not all CPUs are enabled.
Warning: No display specified.  You will not be able to display graphics on the screen.
Unable to open log file: /run_retrieval_latbins_AIRSm_20:1.log
Warning: No window system found.  Java option 'MWT' ignored

                            < M A T L A B (R) >
                  Copyright 1984-2010 The MathWorks, Inc.
                Version 7.12.0.635 (R2011a) 64-bit (glnxa64)
                               March 18, 2011

    ----------------------------------------------------------
        Your MATLAB license will expire in 60 days.
        Please contact your system administrator or
        MathWorks to renew this license.
    ----------------------------------------------------------
Not all CPUs are enabled.
subbing goodchannel list "g" with Larrabees latest list
subbing goodchannel list "g" with Larrabees latest list
subbing goodchannel list "g" with Larrabees latest list
subbing goodchannel list "g" with Larrabees latest list
AIRS_MATFILES/overocean_gsx_1day_clr_era_lays_spanday01_avgL1Brates_robust_Nov02_2012_span_09_2002_08_2012.mat 
 
  To get started, type one of these: helpwin, helpdesk, or demo.
  For product information, visit www.mathworks.com.
 
 
  To get started, type one of these: helpwin, helpdesk, or demo.
  For product information, visit www.mathworks.com.
 
 
  To get started, type one of these: helpwin, helpdesk, or demo.
  For product information, visit www.mathworks.com.
 
asl matlab startup in ~sergio/Matlab
asl matlab startup in ~sergio/Matlab
asl matlab startup in ~sergio/Matlab
resetting some bad input (max)
resetting some bad input (min)
AIRS_MATFILES/overocean_gsx_1day_clr_era_lays_spanday01_avgL1Brates_robust_Nov02_2012_span_09_2002_08_2012.mat 
AIRS_MATFILES/overocean_gsx_1day_clr_era_lays_spanday01_avgL1Brates_robust_Nov02_2012_span_09_2002_08_2012.mat 
AIRS_MATFILES/overocean_gsx_1day_clr_era_lays_spanday01_avgL1Brates_robust_Nov02_2012_span_09_2002_08_2012.mat 
resetting some bad input (max)
resetting some bad input (min)
resetting some bad input (max)
resetting some bad input (min)
resetting some bad input (max)
resetting some bad input (min)
quick lls co2 estimate = 1.223447 ppmv/yr 
quick stemp estimate = -0.007047 K/yr 
quick oem co2 estimate = 1.795109 ppmv/yr 
quick oem sst estimate = -0.015722 K/yr 
subbing goodchannel list "g" with Larrabees latest list
quick oem co2 estimate = 2.052948 ppmv/yr 
quick oem sst estimate = -0.034229 K/yr 
quick oem co2 estimate = 2.022255 ppmv/yr 
quick oem sst estimate = -0.053622 K/yr 
quick oem co2 estimate = 2.119017 ppmv/yr 
quick oem sst estimate = -0.057565 K/yr 
subbing goodchannel list "g" with Larrabees latest list
subbing goodchannel list "g" with Larrabees latest list
subbing goodchannel list "g" with Larrabees latest list
quick lls co2 estimate = 1.348081 ppmv/yr 
quick stemp estimate = -0.012605 K/yr 
subbing goodchannel list "g" with Larrabees latest list
subbing goodchannel list "g" with Larrabees latest list
quick lls co2 estimate = 1.315016 ppmv/yr 
quick lls co2 estimate = 1.372784 ppmv/yr 
quick stemp estimate = -0.007424 K/yr 
quick stemp estimate = -0.015654 K/yr 
subbing goodchannel list "g" with Larrabees latest list
subbing goodchannel list "g" with Larrabees latest list
quick oem co2 estimate = 1.769081 ppmv/yr 
quick oem sst estimate = -0.014038 K/yr 
Warning: No display specified.  You will not be able to display graphics on the screen.
Unable to open log file: /run_retrieval_latbins_AIRSm_27:1.log
Warning: No window system found.  Java option 'MWT' ignored

                            < M A T L A B (R) >
                  Copyright 1984-2010 The MathWorks, Inc.
                Version 7.12.0.635 (R2011a) 64-bit (glnxa64)
                               March 18, 2011

    ----------------------------------------------------------
        Your MATLAB license will expire in 60 days.
        Please contact your system administrator or
        MathWorks to renew this license.
    ----------------------------------------------------------
Not all CPUs are enabled.
Warning: No display specified.  You will not be able to display graphics on the screen.
Unable to open log file: /run_retrieval_latbins_AIRSm_32:1.log
Warning: No window system found.  Java option 'MWT' ignored

                            < M A T L A B (R) >
                  Copyright 1984-2010 The MathWorks, Inc.
                Version 7.12.0.635 (R2011a) 64-bit (glnxa64)
                               March 18, 2011

    ----------------------------------------------------------
        Your MATLAB license will expire in 60 days.
        Please contact your system administrator or
        MathWorks to renew this license.
    ----------------------------------------------------------
Not all CPUs are enabled.
subbing goodchannel list "g" with Larrabees latest list
Warning: No display specified.  You will not be able to display graphics on the screen.
Unable to open log file: /run_retrieval_latbins_AIRSm_26:1.log
Warning: No window system found.  Java option 'MWT' ignored

                            < M A T L A B (R) >
                  Copyright 1984-2010 The MathWorks, Inc.
                Version 7.12.0.635 (R2011a) 64-bit (glnxa64)
                               March 18, 2011

    ----------------------------------------------------------
        Your MATLAB license will expire in 60 days.
        Please contact your system administrator or
        MathWorks to renew this license.
    ----------------------------------------------------------
Not all CPUs are enabled.
Warning: No display specified.  You will not be able to display graphics on the screen.
Unable to open log file: /run_retrieval_latbins_AIRSm_25:1.log
Warning: No window system found.  Java option 'MWT' ignored

                            < M A T L A B (R) >
                  Copyright 1984-2010 The MathWorks, Inc.
                Version 7.12.0.635 (R2011a) 64-bit (glnxa64)
                               March 18, 2011

    ----------------------------------------------------------
        Your MATLAB license will expire in 60 days.
        Please contact your system administrator or
        MathWorks to renew this license.
    ----------------------------------------------------------
Not all CPUs are enabled.
quick oem co2 estimate = 1.791711 ppmv/yr 
quick oem sst estimate = -0.011443 K/yr 
quick oem co2 estimate = 1.883207 ppmv/yr 
quick oem sst estimate = -0.019030 K/yr 
 
  To get started, type one of these: helpwin, helpdesk, or demo.
  For product information, visit www.mathworks.com.
 
 
  To get started, type one of these: helpwin, helpdesk, or demo.
  For product information, visit www.mathworks.com.
 
 
  To get started, type one of these: helpwin, helpdesk, or demo.
  For product information, visit www.mathworks.com.
 
asl matlab startup in ~sergio/Matlab
asl matlab startup in ~sergio/Matlab
subbing goodchannel list "g" with Larrabees latest list
subbing goodchannel list "g" with Larrabees latest list
 
  To get started, type one of these: helpwin, helpdesk, or demo.
  For product information, visit www.mathworks.com.
 
asl matlab startup in ~sergio/Matlab
AIRS_MATFILES/overocean_gsx_1day_clr_era_lays_spanday01_avgL1Brates_robust_Nov02_2012_span_09_2002_08_2012.mat 
AIRS_MATFILES/overocean_gsx_1day_clr_era_lays_spanday01_avgL1Brates_robust_Nov02_2012_span_09_2002_08_2012.mat 
quick oem co2 estimate = 1.774191 ppmv/yr 
quick oem sst estimate = -0.016374 K/yr 
asl matlab startup in ~sergio/Matlab
AIRS_MATFILES/overocean_gsx_1day_clr_era_lays_spanday01_avgL1Brates_robust_Nov02_2012_span_09_2002_08_2012.mat 
AIRS_MATFILES/overocean_gsx_1day_clr_era_lays_spanday01_avgL1Brates_robust_Nov02_2012_span_09_2002_08_2012.mat 
subbing goodchannel list "g" with Larrabees latest list
resetting some bad input (max)
resetting some bad input (max)
resetting some bad input (min)
resetting some bad input (max)
resetting some bad input (min)
resetting some bad input (max)
resetting some bad input (min)
Warning: No display specified.  You will not be able to display graphics on the screen.
Unable to open log file: /run_retrieval_latbins_AIRSm_31:1.log
Warning: No window system found.  Java option 'MWT' ignored

                            < M A T L A B (R) >
                  Copyright 1984-2010 The MathWorks, Inc.
                Version 7.12.0.635 (R2011a) 64-bit (glnxa64)
                               March 18, 2011

    ----------------------------------------------------------
        Your MATLAB license will expire in 60 days.
        Please contact your system administrator or
        MathWorks to renew this license.
    ----------------------------------------------------------
Not all CPUs are enabled.
Warning: No display specified.  You will not be able to display graphics on the screen.
Unable to open log file: /run_retrieval_latbins_AIRSm_30:1.log
Warning: No window system found.  Java option 'MWT' ignored

                            < M A T L A B (R) >
                  Copyright 1984-2010 The MathWorks, Inc.
                Version 7.12.0.635 (R2011a) 64-bit (glnxa64)
                               March 18, 2011

    ----------------------------------------------------------
        Your MATLAB license will expire in 60 days.
        Please contact your system administrator or
        MathWorks to renew this license.
    ----------------------------------------------------------
Not all CPUs are enabled.
 
  To get started, type one of these: helpwin, helpdesk, or demo.
  For product information, visit www.mathworks.com.
 
Warning: No display specified.  You will not be able to display graphics on the screen.
Unable to open log file: /run_retrieval_latbins_AIRSm_28:1.log
Warning: No window system found.  Java option 'MWT' ignored

                            < M A T L A B (R) >
                  Copyright 1984-2010 The MathWorks, Inc.
                Version 7.12.0.635 (R2011a) 64-bit (glnxa64)
                               March 18, 2011

    ----------------------------------------------------------
        Your MATLAB license will expire in 60 days.
        Please contact your system administrator or
        MathWorks to renew this license.
    ----------------------------------------------------------
Not all CPUs are enabled.
Warning: No display specified.  You will not be able to display graphics on the screen.
Unable to open log file: /run_retrieval_latbins_AIRSm_29:1.log
Warning: No window system found.  Java option 'MWT' ignored

                            < M A T L A B (R) >
                  Copyright 1984-2010 The MathWorks, Inc.
                Version 7.12.0.635 (R2011a) 64-bit (glnxa64)
                               March 18, 2011

    ----------------------------------------------------------
        Your MATLAB license will expire in 60 days.
        Please contact your system administrator or
        MathWorks to renew this license.
    ----------------------------------------------------------
Not all CPUs are enabled.
asl matlab startup in ~sergio/Matlab
AIRS_MATFILES/overocean_gsx_1day_clr_era_lays_spanday01_avgL1Brates_robust_Nov02_2012_span_09_2002_08_2012.mat 
 
  To get started, type one of these: helpwin, helpdesk, or demo.
  For product information, visit www.mathworks.com.
 
asl matlab startup in ~sergio/Matlab
 
  To get started, type one of these: helpwin, helpdesk, or demo.
  For product information, visit www.mathworks.com.
 
 
  To get started, type one of these: helpwin, helpdesk, or demo.
  For product information, visit www.mathworks.com.
 
quick lls co2 estimate = 1.506755 ppmv/yr 
quick stemp estimate = 0.008149 K/yr 
quick lls co2 estimate = 1.951197 ppmv/yr 
quick stemp estimate = 0.043698 K/yr 
AIRS_MATFILES/overocean_gsx_1day_clr_era_lays_spanday01_avgL1Brates_robust_Nov02_2012_span_09_2002_08_2012.mat 
asl matlab startup in ~sergio/Matlab
subbing goodchannel list "g" with Larrabees latest list
asl matlab startup in ~sergio/Matlab
resetting some bad input (max)
resetting some bad input (min)
subbing goodchannel list "g" with Larrabees latest list
quick lls co2 estimate = 1.325192 ppmv/yr 
quick stemp estimate = -0.010045 K/yr 
AIRS_MATFILES/overocean_gsx_1day_clr_era_lays_spanday01_avgL1Brates_robust_Nov02_2012_span_09_2002_08_2012.mat 
quick lls co2 estimate = 1.462444 ppmv/yr 
quick stemp estimate = -0.003956 K/yr 
subbing goodchannel list "g" with Larrabees latest list
AIRS_MATFILES/overocean_gsx_1day_clr_era_lays_spanday01_avgL1Brates_robust_Nov02_2012_span_09_2002_08_2012.mat 
subbing goodchannel list "g" with Larrabees latest list
resetting some bad input (max)
resetting some bad input (max)
resetting some bad input (min)
resetting some bad input (max)
quick oem co2 estimate = 1.774287 ppmv/yr 
quick oem sst estimate = 0.052440 K/yr 
quick oem co2 estimate = 1.778008 ppmv/yr 
quick oem sst estimate = 0.009681 K/yr 
quick lls co2 estimate = 1.750983 ppmv/yr 
quick stemp estimate = 0.026675 K/yr 
subbing goodchannel list "g" with Larrabees latest list
quick oem co2 estimate = 1.801409 ppmv/yr 
quick oem sst estimate = -0.001267 K/yr 
subbing goodchannel list "g" with Larrabees latest list
subbing goodchannel list "g" with Larrabees latest list
quick oem co2 estimate = 1.737179 ppmv/yr 
quick oem sst estimate = -0.010373 K/yr 
quick lls co2 estimate = 1.587002 ppmv/yr 
quick stemp estimate = 0.027424 K/yr 
subbing goodchannel list "g" with Larrabees latest list
subbing goodchannel list "g" with Larrabees latest list
quick lls co2 estimate = 1.623856 ppmv/yr 
quick stemp estimate = 0.011460 K/yr 
quick lls co2 estimate = 1.647822 ppmv/yr 
quick stemp estimate = 0.021084 K/yr 
subbing goodchannel list "g" with Larrabees latest list
subbing goodchannel list "g" with Larrabees latest list
subbing goodchannel list "g" with Larrabees latest list
Clearing old files from temp directories...
Job finished on n17:7 at Mon Dec 3 16:46:08 EST 2012 -
quick oem co2 estimate = 1.896277 ppmv/yr 
quick oem sst estimate = 0.033020 K/yr 
subbing goodchannel list "g" with Larrabees latest list
Warning: No display specified.  You will not be able to display graphics on the screen.
Unable to open log file: /run_retrieval_latbins_AIRSm_34:1.log
Warning: No window system found.  Java option 'MWT' ignored

                            < M A T L A B (R) >
                  Copyright 1984-2010 The MathWorks, Inc.
                Version 7.12.0.635 (R2011a) 64-bit (glnxa64)
                               March 18, 2011

    ----------------------------------------------------------
        Your MATLAB license will expire in 60 days.
        Please contact your system administrator or
        MathWorks to renew this license.
    ----------------------------------------------------------
Not all CPUs are enabled.
Warning: No display specified.  You will not be able to display graphics on the screen.
Unable to open log file: /run_retrieval_latbins_AIRSm_35:1.log
Warning: No window system found.  Java option 'MWT' ignored

                            < M A T L A B (R) >
                  Copyright 1984-2010 The MathWorks, Inc.
                Version 7.12.0.635 (R2011a) 64-bit (glnxa64)
                               March 18, 2011

    ----------------------------------------------------------
        Your MATLAB license will expire in 60 days.
        Please contact your system administrator or
        MathWorks to renew this license.
    ----------------------------------------------------------
Not all CPUs are enabled.
quick oem co2 estimate = 1.937868 ppmv/yr 
quick oem sst estimate = 0.027492 K/yr 
quick oem co2 estimate = 1.798323 ppmv/yr 
quick oem sst estimate = 0.015414 K/yr 
subbing goodchannel list "g" with Larrabees latest list
subbing goodchannel list "g" with Larrabees latest list
 
  To get started, type one of these: helpwin, helpdesk, or demo.
  For product information, visit www.mathworks.com.
 
Warning: No display specified.  You will not be able to display graphics on the screen.
Unable to open log file: /run_retrieval_latbins_AIRSm_33:1.log
Warning: No window system found.  Java option 'MWT' ignored

                            < M A T L A B (R) >
                  Copyright 1984-2010 The MathWorks, Inc.
                Version 7.12.0.635 (R2011a) 64-bit (glnxa64)
                               March 18, 2011

    ----------------------------------------------------------
        Your MATLAB license will expire in 60 days.
        Please contact your system administrator or
        MathWorks to renew this license.
    ----------------------------------------------------------
Not all CPUs are enabled.
 
  To get started, type one of these: helpwin, helpdesk, or demo.
  For product information, visit www.mathworks.com.
 
Clearing old files from temp directories...
Job finished on n17:6 at Mon Dec 3 16:46:10 EST 2012 -
asl matlab startup in ~sergio/Matlab
asl matlab startup in ~sergio/Matlab
AIRS_MATFILES/overocean_gsx_1day_clr_era_lays_spanday01_avgL1Brates_robust_Nov02_2012_span_09_2002_08_2012.mat 
AIRS_MATFILES/overocean_gsx_1day_clr_era_lays_spanday01_avgL1Brates_robust_Nov02_2012_span_09_2002_08_2012.mat 
Clearing old files from temp directories...
Job finished on n17:5 at Mon Dec 3 16:46:10 EST 2012 -
quick oem co2 estimate = 1.894517 ppmv/yr 
quick oem sst estimate = 0.024260 K/yr 
 
  To get started, type one of these: helpwin, helpdesk, or demo.
  For product information, visit www.mathworks.com.
 
asl matlab startup in ~sergio/Matlab
resetting some bad input (max)
resetting some bad input (min)
subbing goodchannel list "g" with Larrabees latest list
resetting some bad input (max)
resetting some bad input (min)
AIRS_MATFILES/overocean_gsx_1day_clr_era_lays_spanday01_avgL1Brates_robust_Nov02_2012_span_09_2002_08_2012.mat 
resetting some bad input (max)
Clearing old files from temp directories...
Job finished on n17:4 at Mon Dec 3 16:46:11 EST 2012 -
Warning: No display specified.  You will not be able to display graphics on the screen.
Unable to open log file: /run_retrieval_latbins_AIRSm_36:1.log
Warning: No window system found.  Java option 'MWT' ignored

                            < M A T L A B (R) >
                  Copyright 1984-2010 The MathWorks, Inc.
                Version 7.12.0.635 (R2011a) 64-bit (glnxa64)
                               March 18, 2011

    ----------------------------------------------------------
        Your MATLAB license will expire in 60 days.
        Please contact your system administrator or
        MathWorks to renew this license.
    ----------------------------------------------------------
Not all CPUs are enabled.
 
  To get started, type one of these: helpwin, helpdesk, or demo.
  For product information, visit www.mathworks.com.
 
asl matlab startup in ~sergio/Matlab
AIRS_MATFILES/overocean_gsx_1day_clr_era_lays_spanday01_avgL1Brates_robust_Nov02_2012_span_09_2002_08_2012.mat 
quick lls co2 estimate = 1.865797 ppmv/yr 
quick stemp estimate = -0.076613 K/yr 
quick lls co2 estimate = 2.089127 ppmv/yr 
quick stemp estimate = 0.021501 K/yr 
resetting some bad input (max)
resetting some bad input (min)
subbing goodchannel list "g" with Larrabees latest list
subbing goodchannel list "g" with Larrabees latest list
quick lls co2 estimate = 1.999701 ppmv/yr 
quick stemp estimate = 0.045895 K/yr 
subbing goodchannel list "g" with Larrabees latest list
quick oem co2 estimate = 2.351076 ppmv/yr 
quick oem sst estimate = -0.072450 K/yr 
quick lls co2 estimate = 2.269143 ppmv/yr 
quick stemp estimate = -0.074360 K/yr 
subbing goodchannel list "g" with Larrabees latest list
subbing goodchannel list "g" with Larrabees latest list
quick oem co2 estimate = 1.557830 ppmv/yr 
quick oem sst estimate = 0.058683 K/yr 
quick oem co2 estimate = 1.487387 ppmv/yr 
quick oem sst estimate = 0.031728 K/yr 
subbing goodchannel list "g" with Larrabees latest list
Clearing old files from temp directories...
Job finished on n17:2 at Mon Dec 3 16:46:14 EST 2012 -
subbing goodchannel list "g" with Larrabees latest list
Clearing old files from temp directories...
Job finished on n17:0 at Mon Dec 3 16:46:14 EST 2012 -
Clearing old files from temp directories...
Job finished on n17:1 at Mon Dec 3 16:46:14 EST 2012 -
quick oem co2 estimate = 2.175720 ppmv/yr 
quick oem sst estimate = -0.069754 K/yr 
subbing goodchannel list "g" with Larrabees latest list
Clearing old files from temp directories...
Job finished on n17:3 at Mon Dec 3 16:46:16 EST 2012 -
