Warning: No display specified.  You will not be able to display graphics on the screen.
Unable to open log file: /run_retrieval_latbins_AIRSm_1:1.log
Warning: No window system found.  Java option 'MWT' ignored

                            < M A T L A B (R) >
                  Copyright 1984-2010 The MathWorks, Inc.
                Version 7.12.0.635 (R2011a) 64-bit (glnxa64)
                               March 18, 2011

Warning: No display specified.  You will not be able to display graphics on the screen.
Unable to open log file: /run_retrieval_latbins_AIRSm_4:1.log
Warning: No window system found.  Java option 'MWT' ignored

                            < M A T L A B (R) >
                  Copyright 1984-2010 The MathWorks, Inc.
                Version 7.12.0.635 (R2011a) 64-bit (glnxa64)
                               March 18, 2011

Warning: No display specified.  You will not be able to display graphics on the screen.
Unable to open log file: /run_retrieval_latbins_AIRSm_5:1.log
Warning: No window system found.  Java option 'MWT' ignored

                            < M A T L A B (R) >
                  Copyright 1984-2010 The MathWorks, Inc.
                Version 7.12.0.635 (R2011a) 64-bit (glnxa64)
                               March 18, 2011

Warning: No display specified.  You will not be able to display graphics on the screen.
Unable to open log file: /run_retrieval_latbins_AIRSm_3:1.log
Warning: No window system found.  Java option 'MWT' ignored

                            < M A T L A B (R) >
                  Copyright 1984-2010 The MathWorks, Inc.
                Version 7.12.0.635 (R2011a) 64-bit (glnxa64)
                               March 18, 2011

Warning: No display specified.  You will not be able to display graphics on the screen.
Unable to open log file: /run_retrieval_latbins_AIRSm_2:1.log
Warning: No window system found.  Java option 'MWT' ignored

                            < M A T L A B (R) >
                  Copyright 1984-2010 The MathWorks, Inc.
                Version 7.12.0.635 (R2011a) 64-bit (glnxa64)
                               March 18, 2011

 
  To get started, type one of these: helpwin, helpdesk, or demo.
  For product information, visit www.mathworks.com.
 
 
  To get started, type one of these: helpwin, helpdesk, or demo.
  For product information, visit www.mathworks.com.
 
 
  To get started, type one of these: helpwin, helpdesk, or demo.
  For product information, visit www.mathworks.com.
 
 
  To get started, type one of these: helpwin, helpdesk, or demo.
  For product information, visit www.mathworks.com.
 
 
  To get started, type one of these: helpwin, helpdesk, or demo.
  For product information, visit www.mathworks.com.
 
asl matlab startup in ~sergio/Matlab
asl matlab startup in ~sergio/Matlab
asl matlab startup in ~sergio/Matlab
asl matlab startup in ~sergio/Matlab
asl matlab startup in ~sergio/Matlab

ans =

/strowdata1/shared/sergio/MATLABCODE/oem_pkg_run/Latbins_rates


ans =

/strowdata1/shared/sergio/MATLABCODE/oem_pkg_run/Latbins_rates


ans =

/strowdata1/shared/sergio/MATLABCODE/oem_pkg_run/Latbins_rates


ans =

/strowdata1/shared/sergio/MATLABCODE/oem_pkg_run/Latbins_rates


ans =

/strowdata1/shared/sergio/MATLABCODE/oem_pkg_run/Latbins_rates

/home/sergio/MATLABCODE/RATES_TARO/MAT/overocean_gsx_1day_clr_era_lays_spanday01_avgL1Brates_robust_Sep17_2012_span_09_2002_08_2012.mat 
/home/sergio/MATLABCODE/RATES_TARO/MAT/overocean_gsx_1day_clr_era_lays_spanday01_avgL1Brates_robust_Sep17_2012_span_09_2002_08_2012.mat 
/home/sergio/MATLABCODE/RATES_TARO/MAT/overocean_gsx_1day_clr_era_lays_spanday01_avgL1Brates_robust_Sep17_2012_span_09_2002_08_2012.mat 
/home/sergio/MATLABCODE/RATES_TARO/MAT/overocean_gsx_1day_clr_era_lays_spanday01_avgL1Brates_robust_Sep17_2012_span_09_2002_08_2012.mat 
asl matlab startup in ~sergio/Matlab
asl matlab startup in ~sergio/Matlab
asl matlab startup in ~sergio/Matlab
asl matlab startup in ~sergio/Matlab
/home/sergio/MATLABCODE/RATES_TARO/MAT/overocean_gsx_1day_clr_era_lays_spanday01_avgL1Brates_robust_Sep17_2012_span_09_2002_08_2012.mat 
asl matlab startup in ~sergio/Matlab
setting fat plot labels
setting fat plot labels
setting fat plot labels
setting fat plot labels
setting fat plot labels
resetting some bad input (max)
resetting some bad input (min)
resetting some bad input (max)
resetting some bad input (max)
resetting some bad input (min)
resetting some bad input (max)
resetting some bad input (min)
resetting some bad input (max)
resetting some bad input (min)
quick lls co2 estimate = 2.074370 ppmv/yr 
quick stemp estimate = -0.004059 K/yr 
quick lls co2 estimate = 1.762869 ppmv/yr 
quick stemp estimate = -0.044332 K/yr 
quick lls co2 estimate = 2.221189 ppmv/yr 
quick stemp estimate = 0.059625 K/yr 
subbing goodchannel list "g" with Larrabees latest list
subbing goodchannel list "g" with Larrabees latest list
quick lls co2 estimate = 3.331801 ppmv/yr 
quick stemp estimate = -0.074892 K/yr 
subbing goodchannel list "g" with Larrabees latest list
subbing goodchannel list "g" with Larrabees latest list
quick lls co2 estimate = 1.784276 ppmv/yr 
quick stemp estimate = -0.018534 K/yr 
subbing goodchannel list "g" with Larrabees latest list
quick oem co2 estimate = 1.840436 ppmv/yr 
quick oem sst estimate = -0.040791 K/yr 
subbing goodchannel list "g" with Larrabees latest list
quick oem co2 estimate = 2.028833 ppmv/yr 
quick oem sst estimate = -0.023728 K/yr 
quick oem co2 estimate = 2.310854 ppmv/yr 
quick oem sst estimate = -0.069334 K/yr 
subbing goodchannel list "g" with Larrabees latest list
Clearing old files from temp directories...
Job finished on n25:0 at Thu Sep 27 12:07:58 EDT 2012 -
subbing goodchannel list "g" with Larrabees latest list
quick oem co2 estimate = 1.321852 ppmv/yr 
quick oem sst estimate = 0.000444 K/yr 
Clearing old files from temp directories...
Job finished on n25:2 at Thu Sep 27 12:07:59 EDT 2012 -
subbing goodchannel list "g" with Larrabees latest list
Clearing old files from temp directories...
quick oem co2 estimate = 1.262111 ppmv/yr 
quick oem sst estimate = 0.064833 K/yr 
Job finished on n25:4 at Thu Sep 27 12:07:59 EDT 2012 -
Clearing old files from temp directories...
Job finished on n25:1 at Thu Sep 27 12:07:59 EDT 2012 -
subbing goodchannel list "g" with Larrabees latest list
Clearing old files from temp directories...
Job finished on n25:3 at Thu Sep 27 12:07:59 EDT 2012 -
