Warning: No display specified.  You will not be able to display graphics on the screen.
Unable to open log file: /run_retrieval_latbins_AIRSm_01:1.log
Warning: No window system found.  Java option 'MWT' ignored

                            < M A T L A B (R) >
                  Copyright 1984-2010 The MathWorks, Inc.
                Version 7.12.0.635 (R2011a) 64-bit (glnxa64)
                               March 18, 2011

Not all CPUs are enabled.
Warning: No display specified.  You will not be able to display graphics on the screen.
Unable to open log file: /run_retrieval_latbins_AIRSm_02:1.log
Warning: No window system found.  Java option 'MWT' ignored

                            < M A T L A B (R) >
                  Copyright 1984-2010 The MathWorks, Inc.
                Version 7.12.0.635 (R2011a) 64-bit (glnxa64)
                               March 18, 2011

Not all CPUs are enabled.
Warning: No display specified.  You will not be able to display graphics on the screen.
Unable to open log file: /run_retrieval_latbins_AIRSm_03:1.log
Warning: No window system found.  Java option 'MWT' ignored

                            < M A T L A B (R) >
                  Copyright 1984-2010 The MathWorks, Inc.
                Version 7.12.0.635 (R2011a) 64-bit (glnxa64)
                               March 18, 2011

Not all CPUs are enabled.
Warning: No display specified.  You will not be able to display graphics on the screen.
Unable to open log file: /run_retrieval_latbins_AIRSm_04:1.log
Warning: No window system found.  Java option 'MWT' ignored

                            < M A T L A B (R) >
                  Copyright 1984-2010 The MathWorks, Inc.
                Version 7.12.0.635 (R2011a) 64-bit (glnxa64)
                               March 18, 2011

Not all CPUs are enabled.
Warning: No display specified.  You will not be able to display graphics on the screen.
Unable to open log file: /run_retrieval_latbins_AIRSm_06:1.log
Warning: No window system found.  Java option 'MWT' ignored

                            < M A T L A B (R) >
                  Copyright 1984-2010 The MathWorks, Inc.
                Version 7.12.0.635 (R2011a) 64-bit (glnxa64)
                               March 18, 2011

Not all CPUs are enabled.
Warning: No display specified.  You will not be able to display graphics on the screen.
Unable to open log file: /run_retrieval_latbins_AIRSm_08:1.log
Warning: No window system found.  Java option 'MWT' ignored

                            < M A T L A B (R) >
                  Copyright 1984-2010 The MathWorks, Inc.
                Version 7.12.0.635 (R2011a) 64-bit (glnxa64)
                               March 18, 2011

Not all CPUs are enabled.
Warning: No display specified.  You will not be able to display graphics on the screen.
Unable to open log file: /run_retrieval_latbins_AIRSm_07:1.log
Warning: No window system found.  Java option 'MWT' ignored

                            < M A T L A B (R) >
                  Copyright 1984-2010 The MathWorks, Inc.
                Version 7.12.0.635 (R2011a) 64-bit (glnxa64)
                               March 18, 2011

Not all CPUs are enabled.
Warning: No display specified.  You will not be able to display graphics on the screen.
Unable to open log file: /run_retrieval_latbins_AIRSm_05:1.log
Warning: No window system found.  Java option 'MWT' ignored

                            < M A T L A B (R) >
                  Copyright 1984-2010 The MathWorks, Inc.
                Version 7.12.0.635 (R2011a) 64-bit (glnxa64)
                               March 18, 2011

Not all CPUs are enabled.
 
  To get started, type one of these: helpwin, helpdesk, or demo.
  For product information, visit www.mathworks.com.
 
 
  To get started, type one of these: helpwin, helpdesk, or demo.
  For product information, visit www.mathworks.com.
 
 
  To get started, type one of these: helpwin, helpdesk, or demo.
  For product information, visit www.mathworks.com.
 
 
  To get started, type one of these: helpwin, helpdesk, or demo.
  For product information, visit www.mathworks.com.
 
 
  To get started, type one of these: helpwin, helpdesk, or demo.
  For product information, visit www.mathworks.com.
 
 
  To get started, type one of these: helpwin, helpdesk, or demo.
  For product information, visit www.mathworks.com.
 
 
  To get started, type one of these: helpwin, helpdesk, or demo.
  For product information, visit www.mathworks.com.
 
asl matlab startup in ~sergio/Matlab
asl matlab startup in ~sergio/Matlab
asl matlab startup in ~sergio/Matlab
asl matlab startup in ~sergio/Matlab
asl matlab startup in ~sergio/Matlab
 
  To get started, type one of these: helpwin, helpdesk, or demo.
  For product information, visit www.mathworks.com.
 
asl matlab startup in ~sergio/Matlab
asl matlab startup in ~sergio/Matlab
asl matlab startup in ~sergio/Matlab
/strowdata1/shared/sergio/MATLABCODE/oem_pkg_run/MakeERA_ratespectra/syntheticERArates.mat 
/strowdata1/shared/sergio/MATLABCODE/oem_pkg_run/MakeERA_ratespectra/syntheticERArates.mat 
/strowdata1/shared/sergio/MATLABCODE/oem_pkg_run/MakeERA_ratespectra/syntheticERArates.mat 
/strowdata1/shared/sergio/MATLABCODE/oem_pkg_run/MakeERA_ratespectra/syntheticERArates.mat 
/strowdata1/shared/sergio/MATLABCODE/oem_pkg_run/MakeERA_ratespectra/syntheticERArates.mat 
/strowdata1/shared/sergio/MATLABCODE/oem_pkg_run/MakeERA_ratespectra/syntheticERArates.mat 
/strowdata1/shared/sergio/MATLABCODE/oem_pkg_run/MakeERA_ratespectra/syntheticERArates.mat 
/strowdata1/shared/sergio/MATLABCODE/oem_pkg_run/MakeERA_ratespectra/syntheticERArates.mat 

MATLAB Error: Index exceeds matrix dimensions. (MATLAB:badsubscript)


MATLAB Error: Index exceeds matrix dimensions. (MATLAB:badsubscript)


MATLAB Error: Index exceeds matrix dimensions. (MATLAB:badsubscript)

In ==> /strowdata1/shared/sergio/MATLABCODE/oem_pkg/get_jacs.m>get_jacs at 89

In ==> /strowdata1/shared/sergio/MATLABCODE/oem_pkg/get_jacs.m>get_jacs at 89

In ==> /strowdata1/shared/sergio/MATLABCODE/oem_pkg/get_jacs.m>get_jacs at 89

In ==> /strowdata1/shared/sergio/MATLABCODE/oem_pkg_run/Latbins_rates/run_retrieval_latbins_AIRS.m>run_retrieval_latbins_AIRS at 33

In ==> /strowdata1/shared/sergio/MATLABCODE/oem_pkg_run/Latbins_rates/run_retrieval_latbins_AIRS.m>run_retrieval_latbins_AIRS at 33

In ==> /strowdata1/shared/sergio/MATLABCODE/oem_pkg_run/Latbins_rates/run_retrieval_latbins_AIRS.m>run_retrieval_latbins_AIRS at 33

quick lls co2 estimate = 1.673663 ppmv/yr 
quick stemp estimate = -0.040402 K/yr 
quick lls co2 estimate = 2.676296 ppmv/yr 
quick stemp estimate = -0.045911 K/yr 
quick lls co2 estimate = 1.976292 ppmv/yr 
quick stemp estimate = -0.073654 K/yr 
quick lls co2 estimate = 2.104263 ppmv/yr 
quick stemp estimate = -0.001176 K/yr 
quick lls co2 estimate = 2.966927 ppmv/yr 
quick stemp estimate = -0.009538 K/yr 
subbing goodchannel list "g" with Larrabees latest list
subbing goodchannel list "g" with Larrabees latest list
subbing goodchannel list "g" with Larrabees latest list
subbing goodchannel list "g" with Larrabees latest list
subbing goodchannel list "g" with Larrabees latest list
quick oem co2 estimate = 1.968519 ppmv/yr 
quick oem sst estimate = -0.072797 K/yr 
Warning: No display specified.  You will not be able to display graphics on the screen.
Unable to open log file: /run_retrieval_latbins_AIRSm_14:1.log
Warning: No window system found.  Java option 'MWT' ignored

                            < M A T L A B (R) >
                  Copyright 1984-2010 The MathWorks, Inc.
                Version 7.12.0.635 (R2011a) 64-bit (glnxa64)
                               March 18, 2011

Not all CPUs are enabled.
Warning: No display specified.  You will not be able to display graphics on the screen.
Unable to open log file: /run_retrieval_latbins_AIRSm_16:1.log
Warning: No window system found.  Java option 'MWT' ignored

                            < M A T L A B (R) >
                  Copyright 1984-2010 The MathWorks, Inc.
                Version 7.12.0.635 (R2011a) 64-bit (glnxa64)
                               March 18, 2011

Not all CPUs are enabled.
Warning: No display specified.  You will not be able to display graphics on the screen.
Unable to open log file: /run_retrieval_latbins_AIRSm_15:1.log
Warning: No window system found.  Java option 'MWT' ignored

                            < M A T L A B (R) >
                  Copyright 1984-2010 The MathWorks, Inc.
                Version 7.12.0.635 (R2011a) 64-bit (glnxa64)
                               March 18, 2011

Not all CPUs are enabled.
quick oem co2 estimate = 1.720317 ppmv/yr 
quick oem sst estimate = -0.041866 K/yr 
subbing goodchannel list "g" with Larrabees latest list
 
  To get started, type one of these: helpwin, helpdesk, or demo.
  For product information, visit www.mathworks.com.
 
 
  To get started, type one of these: helpwin, helpdesk, or demo.
  For product information, visit www.mathworks.com.
 
subbing goodchannel list "g" with Larrabees latest list
asl matlab startup in ~sergio/Matlab
asl matlab startup in ~sergio/Matlab
 
  To get started, type one of these: helpwin, helpdesk, or demo.
  For product information, visit www.mathworks.com.
 
/strowdata1/shared/sergio/MATLABCODE/oem_pkg_run/MakeERA_ratespectra/syntheticERArates.mat 
/strowdata1/shared/sergio/MATLABCODE/oem_pkg_run/MakeERA_ratespectra/syntheticERArates.mat 
asl matlab startup in ~sergio/Matlab
quick oem co2 estimate = 1.947999 ppmv/yr 
quick oem sst estimate = -0.000766 K/yr 
quick oem co2 estimate = 2.560101 ppmv/yr 
quick oem sst estimate = -0.047044 K/yr 
quick oem co2 estimate = 2.799689 ppmv/yr 
quick oem sst estimate = -0.006347 K/yr 
/strowdata1/shared/sergio/MATLABCODE/oem_pkg_run/MakeERA_ratespectra/syntheticERArates.mat 
subbing goodchannel list "g" with Larrabees latest list
subbing goodchannel list "g" with Larrabees latest list

MATLAB Error: Index exceeds matrix dimensions. (MATLAB:badsubscript)

In ==> /strowdata1/shared/sergio/MATLABCODE/oem_pkg/get_jacs.m>get_jacs at 89

In ==> /strowdata1/shared/sergio/MATLABCODE/oem_pkg_run/Latbins_rates/run_retrieval_latbins_AIRS.m>run_retrieval_latbins_AIRS at 33

subbing goodchannel list "g" with Larrabees latest list

MATLAB Error: Index exceeds matrix dimensions. (MATLAB:badsubscript)

In ==> /strowdata1/shared/sergio/MATLABCODE/oem_pkg/get_jacs.m>get_jacs at 89

In ==> /strowdata1/shared/sergio/MATLABCODE/oem_pkg_run/Latbins_rates/run_retrieval_latbins_AIRS.m>run_retrieval_latbins_AIRS at 33


MATLAB Error: Index exceeds matrix dimensions. (MATLAB:badsubscript)

In ==> /strowdata1/shared/sergio/MATLABCODE/oem_pkg/get_jacs.m>get_jacs at 89

In ==> /strowdata1/shared/sergio/MATLABCODE/oem_pkg_run/Latbins_rates/run_retrieval_latbins_AIRS.m>run_retrieval_latbins_AIRS at 33

Warning: No display specified.  You will not be able to display graphics on the screen.
Unable to open log file: /run_retrieval_latbins_AIRSm_10:1.log
Warning: No window system found.  Java option 'MWT' ignored

                            < M A T L A B (R) >
                  Copyright 1984-2010 The MathWorks, Inc.
                Version 7.12.0.635 (R2011a) 64-bit (glnxa64)
                               March 18, 2011

Not all CPUs are enabled.
Warning: No display specified.  You will not be able to display graphics on the screen.
Unable to open log file: /run_retrieval_latbins_AIRSm_11:1.log
Warning: No window system found.  Java option 'MWT' ignored

                            < M A T L A B (R) >
                  Copyright 1984-2010 The MathWorks, Inc.
                Version 7.12.0.635 (R2011a) 64-bit (glnxa64)
                               March 18, 2011

Not all CPUs are enabled.
 
  To get started, type one of these: helpwin, helpdesk, or demo.
  For product information, visit www.mathworks.com.
 
Warning: No display specified.  You will not be able to display graphics on the screen.
Unable to open log file: /run_retrieval_latbins_AIRSm_22:1.log
Warning: No window system found.  Java option 'MWT' ignored

                            < M A T L A B (R) >
                  Copyright 1984-2010 The MathWorks, Inc.
                Version 7.12.0.635 (R2011a) 64-bit (glnxa64)
                               March 18, 2011

Not all CPUs are enabled.
asl matlab startup in ~sergio/Matlab
 
  To get started, type one of these: helpwin, helpdesk, or demo.
  For product information, visit www.mathworks.com.
 
Warning: No display specified.  You will not be able to display graphics on the screen.
Unable to open log file: /run_retrieval_latbins_AIRSm_24:1.log
Warning: No window system found.  Java option 'MWT' ignored

                            < M A T L A B (R) >
                  Copyright 1984-2010 The MathWorks, Inc.
                Version 7.12.0.635 (R2011a) 64-bit (glnxa64)
                               March 18, 2011

Not all CPUs are enabled.
asl matlab startup in ~sergio/Matlab
/strowdata1/shared/sergio/MATLABCODE/oem_pkg_run/MakeERA_ratespectra/syntheticERArates.mat 
Warning: No display specified.  You will not be able to display graphics on the screen.
Unable to open log file: /run_retrieval_latbins_AIRSm_23:1.log
Warning: No window system found.  Java option 'MWT' ignored

                            < M A T L A B (R) >
                  Copyright 1984-2010 The MathWorks, Inc.
                Version 7.12.0.635 (R2011a) 64-bit (glnxa64)
                               March 18, 2011

Not all CPUs are enabled.
/strowdata1/shared/sergio/MATLABCODE/oem_pkg_run/MakeERA_ratespectra/syntheticERArates.mat 
 
  To get started, type one of these: helpwin, helpdesk, or demo.
  For product information, visit www.mathworks.com.
 
Warning: No display specified.  You will not be able to display graphics on the screen.
Unable to open log file: /run_retrieval_latbins_AIRSm_12:1.log
Warning: No window system found.  Java option 'MWT' ignored

                            < M A T L A B (R) >
                  Copyright 1984-2010 The MathWorks, Inc.
                Version 7.12.0.635 (R2011a) 64-bit (glnxa64)
                               March 18, 2011

Not all CPUs are enabled.
Warning: No display specified.  You will not be able to display graphics on the screen.
Unable to open log file: /run_retrieval_latbins_AIRSm_09:1.log
Warning: No window system found.  Java option 'MWT' ignored

                            < M A T L A B (R) >
                  Copyright 1984-2010 The MathWorks, Inc.
                Version 7.12.0.635 (R2011a) 64-bit (glnxa64)
                               March 18, 2011

Not all CPUs are enabled.
asl matlab startup in ~sergio/Matlab
Warning: No display specified.  You will not be able to display graphics on the screen.
Unable to open log file: /run_retrieval_latbins_AIRSm_13:1.log
Warning: No window system found.  Java option 'MWT' ignored

                            < M A T L A B (R) >
                  Copyright 1984-2010 The MathWorks, Inc.
                Version 7.12.0.635 (R2011a) 64-bit (glnxa64)
                               March 18, 2011

Not all CPUs are enabled.
 
  To get started, type one of these: helpwin, helpdesk, or demo.
  For product information, visit www.mathworks.com.
 

MATLAB Error: Index exceeds matrix dimensions. (MATLAB:badsubscript)

In ==> /strowdata1/shared/sergio/MATLABCODE/oem_pkg/get_jacs.m>get_jacs at 89

In ==> /strowdata1/shared/sergio/MATLABCODE/oem_pkg_run/Latbins_rates/run_retrieval_latbins_AIRS.m>run_retrieval_latbins_AIRS at 33

/strowdata1/shared/sergio/MATLABCODE/oem_pkg_run/MakeERA_ratespectra/syntheticERArates.mat 
 
  To get started, type one of these: helpwin, helpdesk, or demo.
  For product information, visit www.mathworks.com.
 
asl matlab startup in ~sergio/Matlab

MATLAB Error: Index exceeds matrix dimensions. (MATLAB:badsubscript)

In ==> /strowdata1/shared/sergio/MATLABCODE/oem_pkg/get_jacs.m>get_jacs at 89

In ==> /strowdata1/shared/sergio/MATLABCODE/oem_pkg_run/Latbins_rates/run_retrieval_latbins_AIRS.m>run_retrieval_latbins_AIRS at 33

 
  To get started, type one of these: helpwin, helpdesk, or demo.
  For product information, visit www.mathworks.com.
 
asl matlab startup in ~sergio/Matlab
 
  To get started, type one of these: helpwin, helpdesk, or demo.
  For product information, visit www.mathworks.com.
 
/strowdata1/shared/sergio/MATLABCODE/oem_pkg_run/MakeERA_ratespectra/syntheticERArates.mat 
asl matlab startup in ~sergio/Matlab
 
  To get started, type one of these: helpwin, helpdesk, or demo.
  For product information, visit www.mathworks.com.
 
/strowdata1/shared/sergio/MATLABCODE/oem_pkg_run/MakeERA_ratespectra/syntheticERArates.mat 
asl matlab startup in ~sergio/Matlab

MATLAB Error: Index exceeds matrix dimensions. (MATLAB:badsubscript)

In ==> /strowdata1/shared/sergio/MATLABCODE/oem_pkg/get_jacs.m>get_jacs at 89

In ==> /strowdata1/shared/sergio/MATLABCODE/oem_pkg_run/Latbins_rates/run_retrieval_latbins_AIRS.m>run_retrieval_latbins_AIRS at 33

asl matlab startup in ~sergio/Matlab
/strowdata1/shared/sergio/MATLABCODE/oem_pkg_run/MakeERA_ratespectra/syntheticERArates.mat 
/strowdata1/shared/sergio/MATLABCODE/oem_pkg_run/MakeERA_ratespectra/syntheticERArates.mat 
/strowdata1/shared/sergio/MATLABCODE/oem_pkg_run/MakeERA_ratespectra/syntheticERArates.mat 

MATLAB Error: Index exceeds matrix dimensions. (MATLAB:badsubscript)

In ==> /strowdata1/shared/sergio/MATLABCODE/oem_pkg/get_jacs.m>get_jacs at 89

In ==> /strowdata1/shared/sergio/MATLABCODE/oem_pkg_run/Latbins_rates/run_retrieval_latbins_AIRS.m>run_retrieval_latbins_AIRS at 33


MATLAB Error: Index exceeds matrix dimensions. (MATLAB:badsubscript)

In ==> /strowdata1/shared/sergio/MATLABCODE/oem_pkg/get_jacs.m>get_jacs at 89

In ==> /strowdata1/shared/sergio/MATLABCODE/oem_pkg_run/Latbins_rates/run_retrieval_latbins_AIRS.m>run_retrieval_latbins_AIRS at 33


MATLAB Error: Index exceeds matrix dimensions. (MATLAB:badsubscript)

In ==> /strowdata1/shared/sergio/MATLABCODE/oem_pkg/get_jacs.m>get_jacs at 89

In ==> /strowdata1/shared/sergio/MATLABCODE/oem_pkg_run/Latbins_rates/run_retrieval_latbins_AIRS.m>run_retrieval_latbins_AIRS at 33


MATLAB Error: Index exceeds matrix dimensions. (MATLAB:badsubscript)

In ==> /strowdata1/shared/sergio/MATLABCODE/oem_pkg/get_jacs.m>get_jacs at 89

In ==> /strowdata1/shared/sergio/MATLABCODE/oem_pkg_run/Latbins_rates/run_retrieval_latbins_AIRS.m>run_retrieval_latbins_AIRS at 33


MATLAB Error: Index exceeds matrix dimensions. (MATLAB:badsubscript)

In ==> /strowdata1/shared/sergio/MATLABCODE/oem_pkg/get_jacs.m>get_jacs at 89

In ==> /strowdata1/shared/sergio/MATLABCODE/oem_pkg_run/Latbins_rates/run_retrieval_latbins_AIRS.m>run_retrieval_latbins_AIRS at 33

Warning: No display specified.  You will not be able to display graphics on the screen.
Unable to open log file: /run_retrieval_latbins_AIRSm_18:1.log
Warning: No window system found.  Java option 'MWT' ignored

                            < M A T L A B (R) >
                  Copyright 1984-2010 The MathWorks, Inc.
                Version 7.12.0.635 (R2011a) 64-bit (glnxa64)
                               March 18, 2011

Not all CPUs are enabled.
Warning: No display specified.  You will not be able to display graphics on the screen.
Unable to open log file: /run_retrieval_latbins_AIRSm_19:1.log
Warning: No window system found.  Java option 'MWT' ignored

                            < M A T L A B (R) >
                  Copyright 1984-2010 The MathWorks, Inc.
                Version 7.12.0.635 (R2011a) 64-bit (glnxa64)
                               March 18, 2011

Not all CPUs are enabled.
 
  To get started, type one of these: helpwin, helpdesk, or demo.
  For product information, visit www.mathworks.com.
 
Warning: No display specified.  You will not be able to display graphics on the screen.
Unable to open log file: /run_retrieval_latbins_AIRSm_30:1.log
Warning: No window system found.  Java option 'MWT' ignored

                            < M A T L A B (R) >
                  Copyright 1984-2010 The MathWorks, Inc.
                Version 7.12.0.635 (R2011a) 64-bit (glnxa64)
                               March 18, 2011

Not all CPUs are enabled.
 
  To get started, type one of these: helpwin, helpdesk, or demo.
  For product information, visit www.mathworks.com.
 
asl matlab startup in ~sergio/Matlab
asl matlab startup in ~sergio/Matlab
/strowdata1/shared/sergio/MATLABCODE/oem_pkg_run/MakeERA_ratespectra/syntheticERArates.mat 
/strowdata1/shared/sergio/MATLABCODE/oem_pkg_run/MakeERA_ratespectra/syntheticERArates.mat 
 
  To get started, type one of these: helpwin, helpdesk, or demo.
  For product information, visit www.mathworks.com.
 
asl matlab startup in ~sergio/Matlab
Warning: No display specified.  You will not be able to display graphics on the screen.
Unable to open log file: /run_retrieval_latbins_AIRSm_32:1.log
Warning: No window system found.  Java option 'MWT' ignored

                            < M A T L A B (R) >
                  Copyright 1984-2010 The MathWorks, Inc.
                Version 7.12.0.635 (R2011a) 64-bit (glnxa64)
                               March 18, 2011

Not all CPUs are enabled.
Warning: No display specified.  You will not be able to display graphics on the screen.
Unable to open log file: /run_retrieval_latbins_AIRSm_21:1.log
Warning: No window system found.  Java option 'MWT' ignored

                            < M A T L A B (R) >
                  Copyright 1984-2010 The MathWorks, Inc.
                Version 7.12.0.635 (R2011a) 64-bit (glnxa64)
                               March 18, 2011

Not all CPUs are enabled.
Warning: No display specified.  You will not be able to display graphics on the screen.
Unable to open log file: /run_retrieval_latbins_AIRSm_31:1.log
Warning: No window system found.  Java option 'MWT' ignored

                            < M A T L A B (R) >
                  Copyright 1984-2010 The MathWorks, Inc.
                Version 7.12.0.635 (R2011a) 64-bit (glnxa64)
                               March 18, 2011

Not all CPUs are enabled.
Warning: No display specified.  You will not be able to display graphics on the screen.
Unable to open log file: /run_retrieval_latbins_AIRSm_20:1.log
Warning: No window system found.  Java option 'MWT' ignored

                            < M A T L A B (R) >
                  Copyright 1984-2010 The MathWorks, Inc.
                Version 7.12.0.635 (R2011a) 64-bit (glnxa64)
                               March 18, 2011

Not all CPUs are enabled.
Warning: No display specified.  You will not be able to display graphics on the screen.
Unable to open log file: /run_retrieval_latbins_AIRSm_17:1.log
Warning: No window system found.  Java option 'MWT' ignored

                            < M A T L A B (R) >
                  Copyright 1984-2010 The MathWorks, Inc.
                Version 7.12.0.635 (R2011a) 64-bit (glnxa64)
                               March 18, 2011

Not all CPUs are enabled.

MATLAB Error: Index exceeds matrix dimensions. (MATLAB:badsubscript)

In ==> /strowdata1/shared/sergio/MATLABCODE/oem_pkg/get_jacs.m>get_jacs at 89

In ==> /strowdata1/shared/sergio/MATLABCODE/oem_pkg_run/Latbins_rates/run_retrieval_latbins_AIRS.m>run_retrieval_latbins_AIRS at 33

/strowdata1/shared/sergio/MATLABCODE/oem_pkg_run/MakeERA_ratespectra/syntheticERArates.mat 

MATLAB Error: Index exceeds matrix dimensions. (MATLAB:badsubscript)

In ==> /strowdata1/shared/sergio/MATLABCODE/oem_pkg/get_jacs.m>get_jacs at 89

In ==> /strowdata1/shared/sergio/MATLABCODE/oem_pkg_run/Latbins_rates/run_retrieval_latbins_AIRS.m>run_retrieval_latbins_AIRS at 33

 
  To get started, type one of these: helpwin, helpdesk, or demo.
  For product information, visit www.mathworks.com.
 
 
  To get started, type one of these: helpwin, helpdesk, or demo.
  For product information, visit www.mathworks.com.
 
 
  To get started, type one of these: helpwin, helpdesk, or demo.
  For product information, visit www.mathworks.com.
 
 
  To get started, type one of these: helpwin, helpdesk, or demo.
  For product information, visit www.mathworks.com.
 
 
  To get started, type one of these: helpwin, helpdesk, or demo.
  For product information, visit www.mathworks.com.
 
asl matlab startup in ~sergio/Matlab
asl matlab startup in ~sergio/Matlab

MATLAB Error: Index exceeds matrix dimensions. (MATLAB:badsubscript)

In ==> /strowdata1/shared/sergio/MATLABCODE/oem_pkg/get_jacs.m>get_jacs at 89

In ==> /strowdata1/shared/sergio/MATLABCODE/oem_pkg_run/Latbins_rates/run_retrieval_latbins_AIRS.m>run_retrieval_latbins_AIRS at 33

asl matlab startup in ~sergio/Matlab
asl matlab startup in ~sergio/Matlab
asl matlab startup in ~sergio/Matlab
Clearing old files from temp directories...
/strowdata1/shared/sergio/MATLABCODE/oem_pkg_run/MakeERA_ratespectra/syntheticERArates.mat 
Job finished on n32:5 at Thu Nov 29 15:37:24 EST 2012 -
/strowdata1/shared/sergio/MATLABCODE/oem_pkg_run/MakeERA_ratespectra/syntheticERArates.mat 
/strowdata1/shared/sergio/MATLABCODE/oem_pkg_run/MakeERA_ratespectra/syntheticERArates.mat 
/strowdata1/shared/sergio/MATLABCODE/oem_pkg_run/MakeERA_ratespectra/syntheticERArates.mat 
/strowdata1/shared/sergio/MATLABCODE/oem_pkg_run/MakeERA_ratespectra/syntheticERArates.mat 

MATLAB Error: Index exceeds matrix dimensions. (MATLAB:badsubscript)

In ==> /strowdata1/shared/sergio/MATLABCODE/oem_pkg/get_jacs.m>get_jacs at 89

In ==> /strowdata1/shared/sergio/MATLABCODE/oem_pkg_run/Latbins_rates/run_retrieval_latbins_AIRS.m>run_retrieval_latbins_AIRS at 33


MATLAB Error: Index exceeds matrix dimensions. (MATLAB:badsubscript)

In ==> /strowdata1/shared/sergio/MATLABCODE/oem_pkg/get_jacs.m>get_jacs at 89

In ==> /strowdata1/shared/sergio/MATLABCODE/oem_pkg_run/Latbins_rates/run_retrieval_latbins_AIRS.m>run_retrieval_latbins_AIRS at 33


MATLAB Error: Index exceeds matrix dimensions. (MATLAB:badsubscript)

In ==> /strowdata1/shared/sergio/MATLABCODE/oem_pkg/get_jacs.m>get_jacs at 89

In ==> /strowdata1/shared/sergio/MATLABCODE/oem_pkg_run/Latbins_rates/run_retrieval_latbins_AIRS.m>run_retrieval_latbins_AIRS at 33


MATLAB Error: Index exceeds matrix dimensions. (MATLAB:badsubscript)

In ==> /strowdata1/shared/sergio/MATLABCODE/oem_pkg/get_jacs.m>get_jacs at 89

In ==> /strowdata1/shared/sergio/MATLABCODE/oem_pkg_run/Latbins_rates/run_retrieval_latbins_AIRS.m>run_retrieval_latbins_AIRS at 33


MATLAB Error: Index exceeds matrix dimensions. (MATLAB:badsubscript)

In ==> /strowdata1/shared/sergio/MATLABCODE/oem_pkg/get_jacs.m>get_jacs at 89

In ==> /strowdata1/shared/sergio/MATLABCODE/oem_pkg_run/Latbins_rates/run_retrieval_latbins_AIRS.m>run_retrieval_latbins_AIRS at 33

Clearing old files from temp directories...
Clearing old files from temp directories...
Job finished on n32:6 at Thu Nov 29 15:37:24 EST 2012 -
Job finished on n32:7 at Thu Nov 29 15:37:24 EST 2012 -
Warning: No display specified.  You will not be able to display graphics on the screen.
Unable to open log file: /run_retrieval_latbins_AIRSm_26:1.log
Warning: No window system found.  Java option 'MWT' ignored

                            < M A T L A B (R) >
                  Copyright 1984-2010 The MathWorks, Inc.
                Version 7.12.0.635 (R2011a) 64-bit (glnxa64)
                               March 18, 2011

Not all CPUs are enabled.
Warning: No display specified.  You will not be able to display graphics on the screen.
Unable to open log file: /run_retrieval_latbins_AIRSm_27:1.log
Warning: No window system found.  Java option 'MWT' ignored

                            < M A T L A B (R) >
                  Copyright 1984-2010 The MathWorks, Inc.
                Version 7.12.0.635 (R2011a) 64-bit (glnxa64)
                               March 18, 2011

Not all CPUs are enabled.
 
  To get started, type one of these: helpwin, helpdesk, or demo.
  For product information, visit www.mathworks.com.
 
asl matlab startup in ~sergio/Matlab
 
  To get started, type one of these: helpwin, helpdesk, or demo.
  For product information, visit www.mathworks.com.
 
asl matlab startup in ~sergio/Matlab
/strowdata1/shared/sergio/MATLABCODE/oem_pkg_run/MakeERA_ratespectra/syntheticERArates.mat 
/strowdata1/shared/sergio/MATLABCODE/oem_pkg_run/MakeERA_ratespectra/syntheticERArates.mat 
Warning: No display specified.  You will not be able to display graphics on the screen.
Unable to open log file: /run_retrieval_latbins_AIRSm_29:1.log
Warning: No window system found.  Java option 'MWT' ignored

                            < M A T L A B (R) >
                  Copyright 1984-2010 The MathWorks, Inc.
                Version 7.12.0.635 (R2011a) 64-bit (glnxa64)
                               March 18, 2011

Not all CPUs are enabled.
Warning: No display specified.  You will not be able to display graphics on the screen.
Unable to open log file: /run_retrieval_latbins_AIRSm_28:1.log
Warning: No window system found.  Java option 'MWT' ignored

                            < M A T L A B (R) >
                  Copyright 1984-2010 The MathWorks, Inc.
                Version 7.12.0.635 (R2011a) 64-bit (glnxa64)
                               March 18, 2011

Not all CPUs are enabled.
Warning: No display specified.  You will not be able to display graphics on the screen.
Unable to open log file: /run_retrieval_latbins_AIRSm_25:1.log
Warning: No window system found.  Java option 'MWT' ignored

                            < M A T L A B (R) >
                  Copyright 1984-2010 The MathWorks, Inc.
                Version 7.12.0.635 (R2011a) 64-bit (glnxa64)
                               March 18, 2011

Not all CPUs are enabled.

MATLAB Error: Index exceeds matrix dimensions. (MATLAB:badsubscript)

In ==> /strowdata1/shared/sergio/MATLABCODE/oem_pkg/get_jacs.m>get_jacs at 89

In ==> /strowdata1/shared/sergio/MATLABCODE/oem_pkg_run/Latbins_rates/run_retrieval_latbins_AIRS.m>run_retrieval_latbins_AIRS at 33


MATLAB Error: Index exceeds matrix dimensions. (MATLAB:badsubscript)

In ==> /strowdata1/shared/sergio/MATLABCODE/oem_pkg/get_jacs.m>get_jacs at 89

In ==> /strowdata1/shared/sergio/MATLABCODE/oem_pkg_run/Latbins_rates/run_retrieval_latbins_AIRS.m>run_retrieval_latbins_AIRS at 33

 
  To get started, type one of these: helpwin, helpdesk, or demo.
  For product information, visit www.mathworks.com.
 
 
  To get started, type one of these: helpwin, helpdesk, or demo.
  For product information, visit www.mathworks.com.
 
 
  To get started, type one of these: helpwin, helpdesk, or demo.
  For product information, visit www.mathworks.com.
 
asl matlab startup in ~sergio/Matlab
asl matlab startup in ~sergio/Matlab
asl matlab startup in ~sergio/Matlab
/strowdata1/shared/sergio/MATLABCODE/oem_pkg_run/MakeERA_ratespectra/syntheticERArates.mat 
/strowdata1/shared/sergio/MATLABCODE/oem_pkg_run/MakeERA_ratespectra/syntheticERArates.mat 
/strowdata1/shared/sergio/MATLABCODE/oem_pkg_run/MakeERA_ratespectra/syntheticERArates.mat 

MATLAB Error: Index exceeds matrix dimensions. (MATLAB:badsubscript)

In ==> /strowdata1/shared/sergio/MATLABCODE/oem_pkg/get_jacs.m>get_jacs at 89

In ==> /strowdata1/shared/sergio/MATLABCODE/oem_pkg_run/Latbins_rates/run_retrieval_latbins_AIRS.m>run_retrieval_latbins_AIRS at 33


MATLAB Error: Index exceeds matrix dimensions. (MATLAB:badsubscript)

In ==> /strowdata1/shared/sergio/MATLABCODE/oem_pkg/get_jacs.m>get_jacs at 89

In ==> /strowdata1/shared/sergio/MATLABCODE/oem_pkg_run/Latbins_rates/run_retrieval_latbins_AIRS.m>run_retrieval_latbins_AIRS at 33

Warning: No display specified.  You will not be able to display graphics on the screen.
Unable to open log file: /run_retrieval_latbins_AIRSm_34:1.log
Warning: No window system found.  Java option 'MWT' ignored

                            < M A T L A B (R) >
                  Copyright 1984-2010 The MathWorks, Inc.
                Version 7.12.0.635 (R2011a) 64-bit (glnxa64)
                               March 18, 2011

Not all CPUs are enabled.
Clearing old files from temp directories...

MATLAB Error: Index exceeds matrix dimensions. (MATLAB:badsubscript)

In ==> /strowdata1/shared/sergio/MATLABCODE/oem_pkg/get_jacs.m>get_jacs at 89

In ==> /strowdata1/shared/sergio/MATLABCODE/oem_pkg_run/Latbins_rates/run_retrieval_latbins_AIRS.m>run_retrieval_latbins_AIRS at 33

Job finished on n32:4 at Thu Nov 29 15:37:26 EST 2012 -
Warning: No display specified.  You will not be able to display graphics on the screen.
Unable to open log file: /run_retrieval_latbins_AIRSm_35:1.log
Warning: No window system found.  Java option 'MWT' ignored

                            < M A T L A B (R) >
                  Copyright 1984-2010 The MathWorks, Inc.
                Version 7.12.0.635 (R2011a) 64-bit (glnxa64)
                               March 18, 2011

Not all CPUs are enabled.
 
  To get started, type one of these: helpwin, helpdesk, or demo.
  For product information, visit www.mathworks.com.
 
asl matlab startup in ~sergio/Matlab
 
  To get started, type one of these: helpwin, helpdesk, or demo.
  For product information, visit www.mathworks.com.
 
/strowdata1/shared/sergio/MATLABCODE/oem_pkg_run/MakeERA_ratespectra/syntheticERArates.mat 
asl matlab startup in ~sergio/Matlab
Warning: No display specified.  You will not be able to display graphics on the screen.
Unable to open log file: /run_retrieval_latbins_AIRSm_36:1.log
Warning: No window system found.  Java option 'MWT' ignored

                            < M A T L A B (R) >
                  Copyright 1984-2010 The MathWorks, Inc.
                Version 7.12.0.635 (R2011a) 64-bit (glnxa64)
                               March 18, 2011

Not all CPUs are enabled.

MATLAB Error: Index exceeds matrix dimensions. (MATLAB:badsubscript)

In ==> /strowdata1/shared/sergio/MATLABCODE/oem_pkg/get_jacs.m>get_jacs at 89

In ==> /strowdata1/shared/sergio/MATLABCODE/oem_pkg_run/Latbins_rates/run_retrieval_latbins_AIRS.m>run_retrieval_latbins_AIRS at 33

Warning: No display specified.  You will not be able to display graphics on the screen.
Unable to open log file: /run_retrieval_latbins_AIRSm_33:1.log
Warning: No window system found.  Java option 'MWT' ignored

                            < M A T L A B (R) >
                  Copyright 1984-2010 The MathWorks, Inc.
                Version 7.12.0.635 (R2011a) 64-bit (glnxa64)
                               March 18, 2011

Not all CPUs are enabled.
Clearing old files from temp directories...
Job finished on n32:1 at Thu Nov 29 15:37:27 EST 2012 -
 
  To get started, type one of these: helpwin, helpdesk, or demo.
  For product information, visit www.mathworks.com.
 
 
  To get started, type one of these: helpwin, helpdesk, or demo.
  For product information, visit www.mathworks.com.
 
asl matlab startup in ~sergio/Matlab
asl matlab startup in ~sergio/Matlab
/strowdata1/shared/sergio/MATLABCODE/oem_pkg_run/MakeERA_ratespectra/syntheticERArates.mat 
/strowdata1/shared/sergio/MATLABCODE/oem_pkg_run/MakeERA_ratespectra/syntheticERArates.mat 
/strowdata1/shared/sergio/MATLABCODE/oem_pkg_run/MakeERA_ratespectra/syntheticERArates.mat 

MATLAB Error: Index exceeds matrix dimensions. (MATLAB:badsubscript)

In ==> /strowdata1/shared/sergio/MATLABCODE/oem_pkg/get_jacs.m>get_jacs at 89

In ==> /strowdata1/shared/sergio/MATLABCODE/oem_pkg_run/Latbins_rates/run_retrieval_latbins_AIRS.m>run_retrieval_latbins_AIRS at 33


MATLAB Error: Index exceeds matrix dimensions. (MATLAB:badsubscript)

In ==> /strowdata1/shared/sergio/MATLABCODE/oem_pkg/get_jacs.m>get_jacs at 89

In ==> /strowdata1/shared/sergio/MATLABCODE/oem_pkg_run/Latbins_rates/run_retrieval_latbins_AIRS.m>run_retrieval_latbins_AIRS at 33


MATLAB Error: Index exceeds matrix dimensions. (MATLAB:badsubscript)

In ==> /strowdata1/shared/sergio/MATLABCODE/oem_pkg/get_jacs.m>get_jacs at 89

In ==> /strowdata1/shared/sergio/MATLABCODE/oem_pkg_run/Latbins_rates/run_retrieval_latbins_AIRS.m>run_retrieval_latbins_AIRS at 33

Clearing old files from temp directories...
Job finished on n32:2 at Thu Nov 29 15:37:29 EST 2012 -
Clearing old files from temp directories...
Job finished on n32:3 at Thu Nov 29 15:37:29 EST 2012 -
Clearing old files from temp directories...
Job finished on n32:0 at Thu Nov 29 15:37:29 EST 2012 -
